<?xml version="1.0" encoding="UTF-8"?>
<!-- Generated by org.testng.reporters.JUnitReportReporter -->
<testsuite hostname="LAPTOP-ELMNKHJ9" name="testNGPriority.TestNGDependencyDemo" tests="3" failures="0" timestamp="8 Oct 2019 02:15:43 GMT" time="0.030" errors="0">
  <testcase name="test1" time="0.004" classname="testNGPriority.TestNGDependencyDemo"/>
  <testcase name="test2" time="0.024" classname="testNGPriority.TestNGDependencyDemo"/>
  <testcase name="test3" time="0.002" classname="testNGPriority.TestNGDependencyDemo"/>
</testsuite> <!-- testNGPriority.TestNGDependencyDemo -->
