<?xml version="1.0" encoding="UTF-8"?>
<!-- Generated by org.testng.reporters.JUnitReportReporter -->
<testsuite hostname="LAPTOP-ELMNKHJ9" name="testNGPriority.TestNGIgnoreDemo" tests="2" failures="0" timestamp="8 Oct 2019 02:51:21 GMT" time="0.021" errors="0">
  <testcase name="test1" time="0.020" classname="testNGPriority.TestNGIgnoreDemo"/>
  <testcase name="test2" time="0.001" classname="testNGPriority.TestNGIgnoreDemo"/>
</testsuite> <!-- testNGPriority.TestNGIgnoreDemo -->
