<?xml version="1.0" encoding="UTF-8"?>
<!-- Generated by org.testng.reporters.JUnitReportReporter -->
<testsuite hostname="LAPTOP-ELMNKHJ9" name="testNGPriority.TestNGMultipleBrowserDemo" tests="2" failures="0" timestamp="5 Oct 2019 14:09:35 GMT" time="65.982" errors="0">
  <testcase name="test1" time="20.089" classname="testNGPriority.TestNGMultipleBrowserDemo"/>
  <testcase name="test1" time="45.893" classname="testNGPriority.TestNGMultipleBrowserDemo"/>
</testsuite> <!-- testNGPriority.TestNGMultipleBrowserDemo -->
