<?xml version="1.0" encoding="UTF-8"?>
<!-- Generated by org.testng.reporters.JUnitReportReporter -->
<testsuite hostname="LAPTOP-ELMNKHJ9" name="testNGPriority.TestNGPriorityDemo" tests="3" failures="0" timestamp="5 Oct 2019 05:12:02 GMT" time="0.029" errors="0">
  <testcase name="test3" time="0.003" classname="testNGPriority.TestNGPriorityDemo"/>
  <testcase name="test1" time="0.001" classname="testNGPriority.TestNGPriorityDemo"/>
  <testcase name="test2" time="0.025" classname="testNGPriority.TestNGPriorityDemo"/>
</testsuite> <!-- testNGPriority.TestNGPriorityDemo -->
