<?xml version="1.0" encoding="UTF-8"?>
<!-- Generated by org.testng.reporters.JUnitReportReporter -->
<testsuite hostname="LAPTOP-ELMNKHJ9" name="test.TestNGDemo_AmazonSearch2" tests="1" failures="0" timestamp="28 Sep 2019 11:34:38 GMT" time="40.962" errors="0">
  <testcase name="AmazonSearch3" time="40.962" classname="test.TestNGDemo_AmazonSearch2"/>
</testsuite> <!-- test.TestNGDemo_AmazonSearch2 -->
