<?xml version="1.0" encoding="UTF-8"?>
<!-- Generated by org.testng.reporters.JUnitReportReporter -->
<testsuite hostname="LAPTOP-ELMNKHJ9" name="testNGPriority.TestNGParametersDemo" tests="1" failures="0" timestamp="7 Oct 2019 02:10:29 GMT" time="0.022" errors="0">
  <testcase name="test" time="0.022" classname="testNGPriority.TestNGParametersDemo"/>
</testsuite> <!-- testNGPriority.TestNGParametersDemo -->
