<?xml version="1.0" encoding="UTF-8"?>
<!-- Generated by org.testng.reporters.JUnitReportReporter -->
<testsuite hostname="LAPTOP-ELMNKHJ9" name="testNGPriority.TestNGGroupsDemo" tests="4" failures="0" timestamp="6 Oct 2019 15:31:58 GMT" time="0.026" errors="0">
  <testcase name="test3" time="0.004" classname="testNGPriority.TestNGGroupsDemo"/>
  <testcase name="test1" time="0.019" classname="testNGPriority.TestNGGroupsDemo"/>
  <testcase name="test4" time="0.002" classname="testNGPriority.TestNGGroupsDemo"/>
  <testcase name="test2" time="0.001" classname="testNGPriority.TestNGGroupsDemo"/>
</testsuite> <!-- testNGPriority.TestNGGroupsDemo -->
