<?xml version="1.0" encoding="UTF-8"?>
<!-- Generated by org.testng.reporters.JUnitReportReporter -->
<testsuite hostname="LAPTOP-ELMNKHJ9" name="test.TestNGDemo_AmazonSearch" tests="1" failures="0" timestamp="30 Sep 2019 14:24:29 GMT" time="34.143" errors="0">
  <testcase name="AmazonSearch" time="34.143" classname="test.TestNGDemo_AmazonSearch"/>
</testsuite> <!-- test.TestNGDemo_AmazonSearch -->
